mode: set
github.com/joyohartonowork/bookings/cmd/web/main.go:22.13,24.16 2 0
github.com/joyohartonowork/bookings/cmd/web/main.go:33.2,41.16 4 0
github.com/joyohartonowork/bookings/cmd/web/main.go:24.16,26.3 1 0
github.com/joyohartonowork/bookings/cmd/web/main.go:45.18,60.16 10 1
github.com/joyohartonowork/bookings/cmd/web/main.go:65.2,70.12 6 1
github.com/joyohartonowork/bookings/cmd/web/main.go:60.16,63.3 2 0
github.com/joyohartonowork/bookings/cmd/web/middleware.go:11.53,12.71 1 0
github.com/joyohartonowork/bookings/cmd/web/middleware.go:12.71,15.3 2 0
github.com/joyohartonowork/bookings/cmd/web/middleware.go:20.45,29.2 3 1
github.com/joyohartonowork/bookings/cmd/web/middleware.go:32.50,34.2 1 1
github.com/joyohartonowork/bookings/cmd/web/routes.go:12.49,57.2 18 1
